Hmm ... looks like a package
This is pdfTeX, Version 3.14159265-2.6-1.40.16 (TeX Live 2015/Debian) (preloaded format=pdflatex)
 restricted \write18 enabled.
entering extended mode
(./Rd2.tex
LaTeX2e <2016/02/01>
Babel <3.9q> and hyphenation patterns for 3 language(s) loaded.

(/usr/share/texlive/texmf-dist/tex/latex/base/book.cls
Document Class: book 2014/09/29 v1.4h Standard LaTeX document class
(/usr/share/texlive/texmf-dist/tex/latex/base/bk10.clo))
(/usr/share/R/share/texmf/tex/latex/Rd.sty
(/usr/share/texlive/texmf-dist/tex/latex/base/ifthen.sty)
(/usr/share/texlive/texmf-dist/tex/latex/tools/longtable.sty)
(/usr/share/texlive/texmf-dist/tex/latex/tools/bm.sty)
(/usr/share/texlive/texmf-dist/tex/latex/base/alltt.sty)
(/usr/share/texlive/texmf-dist/tex/latex/tools/verbatim.sty)
(/usr/share/texlive/texmf-dist/tex/latex/url/url.sty)
(/usr/share/texlive/texmf-dist/tex/latex/base/textcomp.sty
(/usr/share/texlive/texmf-dist/tex/latex/base/ts1enc.def))
(/usr/share/texlive/texmf-dist/tex/latex/base/fontenc.sty
(/usr/share/texlive/texmf-dist/tex/latex/base/t1enc.def))
(/usr/share/texlive/texmf-dist/tex/latex/psnfss/times.sty))
(/usr/share/texlive/texmf-dist/tex/latex/base/inputenc.sty
(/usr/share/texlive/texmf-dist/tex/latex/base/utf8.def
(/usr/share/texlive/texmf-dist/tex/latex/base/t1enc.dfu)
(/usr/share/texlive/texmf-dist/tex/latex/base/ot1enc.dfu)
(/usr/share/texlive/texmf-dist/tex/latex/base/omsenc.dfu)
(/usr/share/texlive/texmf-dist/tex/latex/base/ts1enc.dfu))
(/usr/share/texlive/texmf-dist/tex/latex/base/latin1.def))
No file Rd2.aux.
(/usr/share/texlive/texmf-dist/tex/latex/base/ts1cmr.fd)
(/usr/share/texlive/texmf-dist/tex/latex/psnfss/t1ptm.fd)
(/usr/share/texlive/texmf-dist/tex/latex/psnfss/t1pcr.fd)
(/usr/share/texlive/texmf-dist/tex/latex/psnfss/t1phv.fd)
No file Rd2.toc.
(/usr/share/texlive/texmf-dist/tex/latex/base/utf8.def)
(/usr/share/texlive/texmf-dist/tex/latex/base/utf8.def) [1{/var/lib/texmf/fonts
/map/pdftex/updmap/pdftex.map}]
Overfull \hbox (42.78088pt too wide) in paragraph at lines 52--52
 []\T1/pcr/m/n/10 add_noise(x, ruv = list(proportional = 0, additive = 0, expon
ential = 0))[] 
(/usr/share/texlive/texmf-dist/tex/latex/base/utf8.def)
(/usr/share/texlive/texmf-dist/tex/latex/base/utf8.def) [2]
(/usr/share/texlive/texmf-dist/tex/latex/base/utf8.def) [3]
(/usr/share/texlive/texmf-dist/tex/latex/base/utf8.def)
(/usr/share/texlive/texmf-dist/tex/latex/base/utf8.def)
(/usr/share/texlive/texmf-dist/tex/latex/base/utf8.def) [4]
(/usr/share/texlive/texmf-dist/tex/latex/psnfss/ts1ptm.fd)
(/usr/share/texlive/texmf-dist/tex/latex/base/utf8.def) [5]
(/usr/share/texlive/texmf-dist/tex/latex/base/utf8.def)
Overfull \hbox (21.9175pt too wide) in paragraph at lines 290--291
[]\T1/ptm/m/n/10 what to show in VPC (obs_dv, obs_ci, pi, pi_as_area, pi_ci, ob
s_median, sim_median,
[6] (/usr/share/texlive/texmf-dist/tex/latex/base/utf8.def) [7]
(/usr/share/texlive/texmf-dist/tex/latex/psnfss/ts1pcr.fd)
(/usr/share/texlive/texmf-dist/tex/latex/base/utf8.def)
(/usr/share/texlive/texmf-dist/tex/latex/base/utf8.def) [8]
(/usr/share/texlive/texmf-dist/tex/latex/base/utf8.def)
(/usr/share/texlive/texmf-dist/tex/latex/base/utf8.def)
(/usr/share/texlive/texmf-dist/tex/latex/base/utf8.def) [9]
(/usr/share/texlive/texmf-dist/tex/latex/base/utf8.def)
Overfull \hbox (42.78088pt too wide) in paragraph at lines 487--487
 []  \T1/pcr/m/n/10 model = function(x) {     return(x$alpha + x$beta) }, theta
, omega_mat,[] 

Overfull \hbox (42.78088pt too wide) in paragraph at lines 489--489
 []  \T1/pcr/m/n/10 error = list(proportional = 0, additive = 0, exponential = 
0), n = 100)[] 
[10] (/usr/share/texlive/texmf-dist/tex/latex/base/utf8.def)
(/usr/share/texlive/texmf-dist/tex/latex/base/utf8.def) [11]
(/usr/share/texlive/texmf-dist/tex/latex/base/utf8.def)
(/usr/share/texlive/texmf-dist/tex/latex/base/utf8.def)
Overfull \hbox (24.78088pt too wide) in paragraph at lines 578--578
 []  \T1/pcr/m/n/10 n_bins = "auto", bin_mid = "mean", obs_cols = NULL, sim_col
s = NULL,[] 

Overfull \hbox (12.78088pt too wide) in paragraph at lines 580--580
 []  \T1/pcr/m/n/10 stratify_color = NULL, pred_corr = FALSE, pred_corr_lower_b
nd = 0,[] 

Overfull \hbox (6.78088pt too wide) in paragraph at lines 581--581
 []  \T1/pcr/m/n/10 pi = c(0.05, 0.95), ci = c(0.05, 0.95), uloq = NULL, lloq =
 NULL,[] 

Overfull \hbox (12.78088pt too wide) in paragraph at lines 583--583
 []  \T1/pcr/m/n/10 title = NULL, facet_names = TRUE, smooth = TRUE, vpc_theme 
= NULL,[] 
[12]
Overfull \hbox (21.9175pt too wide) in paragraph at lines 608--609
[]\T1/ptm/m/n/10 what to show in VPC (obs_dv, obs_ci, pi, pi_as_area, pi_ci, ob
s_median, sim_median,
[13] (/usr/share/texlive/texmf-dist/tex/latex/base/utf8.def)
Overfull \hbox (0.78088pt too wide) in paragraph at lines 667--667
 []\T1/pcr/m/n/10 vpc_cat(sim = NULL, obs = NULL, psn_folder = NULL, bins = "je
nks",[] 

Overfull \hbox (24.78088pt too wide) in paragraph at lines 668--668
 []  \T1/pcr/m/n/10 n_bins = "auto", bin_mid = "mean", obs_cols = NULL, sim_col
s = NULL,[] 

Overfull \hbox (0.78088pt too wide) in paragraph at lines 669--669
 []  \T1/pcr/m/n/10 software = "auto", show = NULL, ci = c(0.05, 0.95), uloq = 
NULL,[] 

Overfull \hbox (18.78088pt too wide) in paragraph at lines 670--670
 []  \T1/pcr/m/n/10 lloq = NULL, xlab = NULL, ylab = NULL, title = NULL, smooth
 = TRUE,[] 
[14] (/usr/share/texlive/texmf-dist/tex/latex/base/utf8.def)
Overfull \hbox (6.78088pt too wide) in paragraph at lines 745--745
 []\T1/pcr/m/n/10 vpc_cens(sim = NULL, obs = NULL, psn_folder = NULL, bins = "j
enks",[] 

Overfull \hbox (24.78088pt too wide) in paragraph at lines 748--748
 []  \T1/pcr/m/n/10 stratify_color = NULL, ci = c(0.05, 0.95), uloq = NULL, llo
q = NULL,[] 
[15]
Overfull \hbox (24.78088pt too wide) in paragraph at lines 749--749
 []  \T1/pcr/m/n/10 plot = FALSE, xlab = NULL, ylab = NULL, title = NULL, smoot
h = TRUE,[] 

Overfull \hbox (6.78088pt too wide) in paragraph at lines 750--750
 []  \T1/pcr/m/n/10 vpc_theme = NULL, facet = "wrap", vpcdb = FALSE, verbose = 
FALSE)[] 
[16] (/usr/share/texlive/texmf-dist/tex/latex/base/utf8.def)
Overfull \hbox (0.78088pt too wide) in paragraph at lines 823--823
 []  \T1/pcr/m/n/10 rtte_calc_diff = TRUE, events = NULL, bins = FALSE, n_bins 
= 10,[] 

Overfull \hbox (6.78088pt too wide) in paragraph at lines 824--824
 []  \T1/pcr/m/n/10 software = "auto", obs_cols = NULL, sim_cols = NULL, kmmc =
 NULL,[] 

Overfull \hbox (0.78088pt too wide) in paragraph at lines 827--827
 []  \T1/pcr/m/n/10 show = NULL, as_percentage = TRUE, title = NULL, smooth = F
ALSE,[] 

Overfull \hbox (6.78088pt too wide) in paragraph at lines 828--828
 []  \T1/pcr/m/n/10 vpc_theme = NULL, facet = "wrap", verbose = FALSE, vpcdb = 
FALSE)[] 
[17] [18]
Overfull \hbox (69.18036pt too wide) in paragraph at lines 918--918
 []\T1/pcr/m/n/9 # stratified per event number (we\TS1/pcr/m/n/9 '\T1/pcr/m/n/9
 ll only look at first 3 events) and stratify per arm[] 
[19] (./Rd2.aux) )
(see the transcript file for additional information){/usr/share/texlive/texmf-d
ist/fonts/enc/dvips/base/8r.enc}</usr/share/texlive/texmf-dist/fonts/type1/urw/
courier/ucrr8a.pfb></usr/share/texlive/texmf-dist/fonts/type1/urw/helvetic/uhvr
8a.pfb></usr/share/texlive/texmf-dist/fonts/type1/urw/times/utmb8a.pfb></usr/sh
are/texlive/texmf-dist/fonts/type1/urw/times/utmr8a.pfb></usr/share/texlive/tex
mf-dist/fonts/type1/urw/times/utmr8a.pfb></usr/share/texlive/texmf-dist/fonts/t
ype1/urw/times/utmri8a.pfb>
Output written on Rd2.pdf (19 pages, 96619 bytes).
Transcript written on Rd2.log.
This is pdfTeX, Version 3.14159265-2.6-1.40.16 (TeX Live 2015/Debian) (preloaded format=pdflatex)
 restricted \write18 enabled.
entering extended mode
(./Rd2.tex
LaTeX2e <2016/02/01>
Babel <3.9q> and hyphenation patterns for 3 language(s) loaded.

(/usr/share/texlive/texmf-dist/tex/latex/base/book.cls
Document Class: book 2014/09/29 v1.4h Standard LaTeX document class
(/usr/share/texlive/texmf-dist/tex/latex/base/bk10.clo))
(/usr/share/R/share/texmf/tex/latex/Rd.sty
(/usr/share/texlive/texmf-dist/tex/latex/base/ifthen.sty)
(/usr/share/texlive/texmf-dist/tex/latex/tools/longtable.sty)
(/usr/share/texlive/texmf-dist/tex/latex/tools/bm.sty)
(/usr/share/texlive/texmf-dist/tex/latex/base/alltt.sty)
(/usr/share/texlive/texmf-dist/tex/latex/tools/verbatim.sty)
(/usr/share/texlive/texmf-dist/tex/latex/url/url.sty)
(/usr/share/texlive/texmf-dist/tex/latex/base/textcomp.sty
(/usr/share/texlive/texmf-dist/tex/latex/base/ts1enc.def))
(/usr/share/texlive/texmf-dist/tex/latex/base/fontenc.sty
(/usr/share/texlive/texmf-dist/tex/latex/base/t1enc.def))
(/usr/share/texlive/texmf-dist/tex/latex/psnfss/times.sty))
(/usr/share/texlive/texmf-dist/tex/latex/base/inputenc.sty
(/usr/share/texlive/texmf-dist/tex/latex/base/utf8.def
(/usr/share/texlive/texmf-dist/tex/latex/base/t1enc.dfu)
(/usr/share/texlive/texmf-dist/tex/latex/base/ot1enc.dfu)
(/usr/share/texlive/texmf-dist/tex/latex/base/omsenc.dfu)
(/usr/share/texlive/texmf-dist/tex/latex/base/ts1enc.dfu))
(/usr/share/texlive/texmf-dist/tex/latex/base/latin1.def)) (./Rd2.aux)
(/usr/share/texlive/texmf-dist/tex/latex/base/ts1cmr.fd)
(/usr/share/texlive/texmf-dist/tex/latex/psnfss/t1ptm.fd)
(/usr/share/texlive/texmf-dist/tex/latex/psnfss/t1pcr.fd)
(/usr/share/texlive/texmf-dist/tex/latex/psnfss/t1phv.fd) (./Rd2.toc [1{/var/li
b/texmf/fonts/map/pdftex/updmap/pdftex.map}])
(/usr/share/texlive/texmf-dist/tex/latex/base/utf8.def)
(/usr/share/texlive/texmf-dist/tex/latex/base/utf8.def)
Overfull \hbox (42.78088pt too wide) in paragraph at lines 52--52
 []\T1/pcr/m/n/10 add_noise(x, ruv = list(proportional = 0, additive = 0, expon
ential = 0))[] 
(/usr/share/texlive/texmf-dist/tex/latex/base/utf8.def) [2]
(/usr/share/texlive/texmf-dist/tex/latex/base/utf8.def)
(/usr/share/texlive/texmf-dist/tex/latex/base/utf8.def) [3]
(/usr/share/texlive/texmf-dist/tex/latex/base/utf8.def)
(/usr/share/texlive/texmf-dist/tex/latex/base/utf8.def) [4]
(/usr/share/texlive/texmf-dist/tex/latex/base/utf8.def)
(/usr/share/texlive/texmf-dist/tex/latex/psnfss/ts1ptm.fd) [5]
(/usr/share/texlive/texmf-dist/tex/latex/base/utf8.def)
(/usr/share/texlive/texmf-dist/tex/latex/base/utf8.def) [6]
Overfull \hbox (21.9175pt too wide) in paragraph at lines 290--291
[]\T1/ptm/m/n/10 what to show in VPC (obs_dv, obs_ci, pi, pi_as_area, pi_ci, ob
s_median, sim_median,
(/usr/share/texlive/texmf-dist/tex/latex/base/utf8.def) [7]
(/usr/share/texlive/texmf-dist/tex/latex/psnfss/ts1pcr.fd)
(/usr/share/texlive/texmf-dist/tex/latex/base/utf8.def) [8]
(/usr/share/texlive/texmf-dist/tex/latex/base/utf8.def)
(/usr/share/texlive/texmf-dist/tex/latex/base/utf8.def) [9]
(/usr/share/texlive/texmf-dist/tex/latex/base/utf8.def)
(/usr/share/texlive/texmf-dist/tex/latex/base/utf8.def) [10]
(/usr/share/texlive/texmf-dist/tex/latex/base/utf8.def)
Overfull \hbox (42.78088pt too wide) in paragraph at lines 487--487
 []  \T1/pcr/m/n/10 model = function(x) {     return(x$alpha + x$beta) }, theta
, omega_mat,[] 

Overfull \hbox (42.78088pt too wide) in paragraph at lines 489--489
 []  \T1/pcr/m/n/10 error = list(proportional = 0, additive = 0, exponential = 
0), n = 100)[] 
[11] (/usr/share/texlive/texmf-dist/tex/latex/base/utf8.def)
(/usr/share/texlive/texmf-dist/tex/latex/base/utf8.def)
(/usr/share/texlive/texmf-dist/tex/latex/base/utf8.def)
(/usr/share/texlive/texmf-dist/tex/latex/base/utf8.def) [12]
Overfull \hbox (24.78088pt too wide) in paragraph at lines 578--578
 []  \T1/pcr/m/n/10 n_bins = "auto", bin_mid = "mean", obs_cols = NULL, sim_col
s = NULL,[] 

Overfull \hbox (12.78088pt too wide) in paragraph at lines 580--580
 []  \T1/pcr/m/n/10 stratify_color = NULL, pred_corr = FALSE, pred_corr_lower_b
nd = 0,[] 

Overfull \hbox (6.78088pt too wide) in paragraph at lines 581--581
 []  \T1/pcr/m/n/10 pi = c(0.05, 0.95), ci = c(0.05, 0.95), uloq = NULL, lloq =
 NULL,[] 

Overfull \hbox (12.78088pt too wide) in paragraph at lines 583--583
 []  \T1/pcr/m/n/10 title = NULL, facet_names = TRUE, smooth = TRUE, vpc_theme 
= NULL,[] 

Overfull \hbox (21.9175pt too wide) in paragraph at lines 608--609
[]\T1/ptm/m/n/10 what to show in VPC (obs_dv, obs_ci, pi, pi_as_area, pi_ci, ob
s_median, sim_median,
[13] (/usr/share/texlive/texmf-dist/tex/latex/base/utf8.def)
Overfull \hbox (0.78088pt too wide) in paragraph at lines 667--667
 []\T1/pcr/m/n/10 vpc_cat(sim = NULL, obs = NULL, psn_folder = NULL, bins = "je
nks",[] 

Overfull \hbox (24.78088pt too wide) in paragraph at lines 668--668
 []  \T1/pcr/m/n/10 n_bins = "auto", bin_mid = "mean", obs_cols = NULL, sim_col
s = NULL,[] 

Overfull \hbox (0.78088pt too wide) in paragraph at lines 669--669
 []  \T1/pcr/m/n/10 software = "auto", show = NULL, ci = c(0.05, 0.95), uloq = 
NULL,[] 

Overfull \hbox (18.78088pt too wide) in paragraph at lines 670--670
 []  \T1/pcr/m/n/10 lloq = NULL, xlab = NULL, ylab = NULL, title = NULL, smooth
 = TRUE,[] 
[14] [15] (/usr/share/texlive/texmf-dist/tex/latex/base/utf8.def)
Overfull \hbox (6.78088pt too wide) in paragraph at lines 745--745
 []\T1/pcr/m/n/10 vpc_cens(sim = NULL, obs = NULL, psn_folder = NULL, bins = "j
enks",[] 

Overfull \hbox (24.78088pt too wide) in paragraph at lines 748--748
 []  \T1/pcr/m/n/10 stratify_color = NULL, ci = c(0.05, 0.95), uloq = NULL, llo
q = NULL,[] 

Overfull \hbox (24.78088pt too wide) in paragraph at lines 749--749
 []  \T1/pcr/m/n/10 plot = FALSE, xlab = NULL, ylab = NULL, title = NULL, smoot
h = TRUE,[] 

Overfull \hbox (6.78088pt too wide) in paragraph at lines 750--750
 []  \T1/pcr/m/n/10 vpc_theme = NULL, facet = "wrap", vpcdb = FALSE, verbose = 
FALSE)[] 
[16] (/usr/share/texlive/texmf-dist/tex/latex/base/utf8.def)
Overfull \hbox (0.78088pt too wide) in paragraph at lines 823--823
 []  \T1/pcr/m/n/10 rtte_calc_diff = TRUE, events = NULL, bins = FALSE, n_bins 
= 10,[] 

Overfull \hbox (6.78088pt too wide) in paragraph at lines 824--824
 []  \T1/pcr/m/n/10 software = "auto", obs_cols = NULL, sim_cols = NULL, kmmc =
 NULL,[] 

Overfull \hbox (0.78088pt too wide) in paragraph at lines 827--827
 []  \T1/pcr/m/n/10 show = NULL, as_percentage = TRUE, title = NULL, smooth = F
ALSE,[] 

Overfull \hbox (6.78088pt too wide) in paragraph at lines 828--828
 []  \T1/pcr/m/n/10 vpc_theme = NULL, facet = "wrap", verbose = FALSE, vpcdb = 
FALSE)[] 
[17] [18]
Overfull \hbox (69.18036pt too wide) in paragraph at lines 918--918
 []\T1/pcr/m/n/9 # stratified per event number (we\TS1/pcr/m/n/9 '\T1/pcr/m/n/9
 ll only look at first 3 events) and stratify per arm[] 
[19] (./Rd2.aux) )
(see the transcript file for additional information){/usr/share/texlive/texmf-d
ist/fonts/enc/dvips/base/8r.enc}</usr/share/texlive/texmf-dist/fonts/type1/urw/
courier/ucrr8a.pfb></usr/share/texlive/texmf-dist/fonts/type1/urw/helvetic/uhvr
8a.pfb></usr/share/texlive/texmf-dist/fonts/type1/urw/times/utmb8a.pfb></usr/sh
are/texlive/texmf-dist/fonts/type1/urw/times/utmr8a.pfb></usr/share/texlive/tex
mf-dist/fonts/type1/urw/times/utmr8a.pfb></usr/share/texlive/texmf-dist/fonts/t
ype1/urw/times/utmri8a.pfb>
Output written on Rd2.pdf (19 pages, 97918 bytes).
Transcript written on Rd2.log.
Saving output to ‘vpc-manual.pdf’ ...
Done
You may want to clean up by 'rm -rf /tmp/RtmpC7zHdY/Rd2pdf5881172709e1'
